<?xml version="1.0" encoding="UTF-8"?>
<testsuite xmlns:xsi="http://www.w3.org/2001/XMLSchema-instance" xsi:noNamespaceSchemaLocation="https://maven.apache.org/surefire/maven-surefire-plugin/xsd/surefire-test-report-3.0.xsd" version="3.0" name="de.exxcellent.challenge.AppTest" time="0.051" tests="2" errors="0" skipped="0" failures="0">
  <properties>
    <property name="java.specification.version" value="19"/>
    <property name="sun.cpu.isalist" value="amd64"/>
    <property name="sun.jnu.encoding" value="Cp1252"/>
    <property name="java.class.path" value="C:\Users\Frederik\Documents\eXXcelent\programming-challenge\target\test-classes;C:\Users\Frederik\Documents\eXXcelent\programming-challenge\target\classes;C:\Users\Frederik\.m2\repository\org\junit\jupiter\junit-jupiter-engine\5.8.0-M1\junit-jupiter-engine-5.8.0-M1.jar;C:\Users\Frederik\.m2\repository\org\apiguardian\apiguardian-api\1.1.1\apiguardian-api-1.1.1.jar;C:\Users\Frederik\.m2\repository\org\junit\platform\junit-platform-engine\1.8.0-M1\junit-platform-engine-1.8.0-M1.jar;C:\Users\Frederik\.m2\repository\org\opentest4j\opentest4j\1.2.0\opentest4j-1.2.0.jar;C:\Users\Frederik\.m2\repository\org\junit\platform\junit-platform-commons\1.8.0-M1\junit-platform-commons-1.8.0-M1.jar;C:\Users\Frederik\.m2\repository\org\junit\jupiter\junit-jupiter-api\5.8.0-M1\junit-jupiter-api-5.8.0-M1.jar;C:\Users\Frederik\.m2\repository\org\jetbrains\kotlin\kotlin-stdlib-jdk8\1.4.20\kotlin-stdlib-jdk8-1.4.20.jar;C:\Users\Frederik\.m2\repository\org\jetbrains\kotlin\kotlin-stdlib\1.4.20\kotlin-stdlib-1.4.20.jar;C:\Users\Frederik\.m2\repository\org\jetbrains\kotlin\kotlin-stdlib-common\1.4.20\kotlin-stdlib-common-1.4.20.jar;C:\Users\Frederik\.m2\repository\org\jetbrains\annotations\13.0\annotations-13.0.jar;C:\Users\Frederik\.m2\repository\org\jetbrains\kotlin\kotlin-stdlib-jdk7\1.4.20\kotlin-stdlib-jdk7-1.4.20.jar;"/>
    <property name="java.vm.vendor" value="Oracle Corporation"/>
    <property name="sun.arch.data.model" value="64"/>
    <property name="user.variant" value=""/>
    <property name="java.vendor.url" value="https://java.oracle.com/"/>
    <property name="user.timezone" value="Europe/Berlin"/>
    <property name="os.name" value="Windows 11"/>
    <property name="java.vm.specification.version" value="19"/>
    <property name="sun.java.launcher" value="SUN_STANDARD"/>
    <property name="user.country" value="DE"/>
    <property name="sun.boot.library.path" value="C:\Program Files\Java\jdk-19\bin"/>
    <property name="sun.java.command" value="C:\Users\Frederik\AppData\Local\Temp\surefire16689515091222539390\surefirebooter18441123532244259308.jar C:\Users\Frederik\AppData\Local\Temp\surefire16689515091222539390 2022-12-21T15-58-42_874-jvmRun1 surefire1645477796861933603tmp surefire_01508851859845483602tmp"/>
    <property name="jdk.debug" value="release"/>
    <property name="surefire.test.class.path" value="C:\Users\Frederik\Documents\eXXcelent\programming-challenge\target\test-classes;C:\Users\Frederik\Documents\eXXcelent\programming-challenge\target\classes;C:\Users\Frederik\.m2\repository\org\junit\jupiter\junit-jupiter-engine\5.8.0-M1\junit-jupiter-engine-5.8.0-M1.jar;C:\Users\Frederik\.m2\repository\org\apiguardian\apiguardian-api\1.1.1\apiguardian-api-1.1.1.jar;C:\Users\Frederik\.m2\repository\org\junit\platform\junit-platform-engine\1.8.0-M1\junit-platform-engine-1.8.0-M1.jar;C:\Users\Frederik\.m2\repository\org\opentest4j\opentest4j\1.2.0\opentest4j-1.2.0.jar;C:\Users\Frederik\.m2\repository\org\junit\platform\junit-platform-commons\1.8.0-M1\junit-platform-commons-1.8.0-M1.jar;C:\Users\Frederik\.m2\repository\org\junit\jupiter\junit-jupiter-api\5.8.0-M1\junit-jupiter-api-5.8.0-M1.jar;C:\Users\Frederik\.m2\repository\org\jetbrains\kotlin\kotlin-stdlib-jdk8\1.4.20\kotlin-stdlib-jdk8-1.4.20.jar;C:\Users\Frederik\.m2\repository\org\jetbrains\kotlin\kotlin-stdlib\1.4.20\kotlin-stdlib-1.4.20.jar;C:\Users\Frederik\.m2\repository\org\jetbrains\kotlin\kotlin-stdlib-common\1.4.20\kotlin-stdlib-common-1.4.20.jar;C:\Users\Frederik\.m2\repository\org\jetbrains\annotations\13.0\annotations-13.0.jar;C:\Users\Frederik\.m2\repository\org\jetbrains\kotlin\kotlin-stdlib-jdk7\1.4.20\kotlin-stdlib-jdk7-1.4.20.jar;"/>
    <property name="sun.cpu.endian" value="little"/>
    <property name="user.home" value="C:\Users\Frederik"/>
    <property name="user.language" value="de"/>
    <property name="java.specification.vendor" value="Oracle Corporation"/>
    <property name="java.version.date" value="2022-10-18"/>
    <property name="java.home" value="C:\Program Files\Java\jdk-19"/>
    <property name="file.separator" value="\"/>
    <property name="basedir" value="C:\Users\Frederik\Documents\eXXcelent\programming-challenge"/>
    <property name="java.vm.compressedOopsMode" value="Zero based"/>
    <property name="line.separator" value="&#10;"/>
    <property name="java.vm.specification.vendor" value="Oracle Corporation"/>
    <property name="java.specification.name" value="Java Platform API Specification"/>
    <property name="surefire.real.class.path" value="C:\Users\Frederik\AppData\Local\Temp\surefire16689515091222539390\surefirebooter18441123532244259308.jar"/>
    <property name="user.script" value=""/>
    <property name="sun.management.compiler" value="HotSpot 64-Bit Tiered Compilers"/>
    <property name="java.runtime.version" value="19.0.1+10-21"/>
    <property name="user.name" value="Frederik"/>
    <property name="stdout.encoding" value="Cp1252"/>
    <property name="path.separator" value=";"/>
    <property name="os.version" value="10.0"/>
    <property name="java.runtime.name" value="Java(TM) SE Runtime Environment"/>
    <property name="file.encoding" value="UTF-8"/>
    <property name="java.vm.name" value="Java HotSpot(TM) 64-Bit Server VM"/>
    <property name="localRepository" value="C:\Users\Frederik\.m2\repository"/>
    <property name="java.vendor.url.bug" value="https://bugreport.java.com/bugreport/"/>
    <property name="java.io.tmpdir" value="C:\Users\Frederik\AppData\Local\Temp\"/>
    <property name="java.version" value="19.0.1"/>
    <property name="user.dir" value="C:\Users\Frederik\Documents\eXXcelent\programming-challenge"/>
    <property name="os.arch" value="amd64"/>
    <property name="java.vm.specification.name" value="Java Virtual Machine Specification"/>
    <property name="sun.os.patch.level" value=""/>
    <property name="native.encoding" value="Cp1252"/>
    <property name="java.library.path" value="C:\Program Files\Java\jdk-19\bin;C:\WINDOWS\Sun\Java\bin;C:\WINDOWS\system32;C:\WINDOWS;C:\Users\Frederik\bin;C:\Program Files\Git\mingw64\bin;C:\Program Files\Git\usr\local\bin;C:\Program Files\Git\usr\bin;C:\Program Files\Git\usr\bin;C:\Program Files\Git\mingw64\bin;C:\Program Files\Git\usr\bin;C:\Users\Frederik\bin;C:\Program Files\Common Files\Oracle\Java\javapath;C:\WINDOWS\system32;C:\WINDOWS;C:\WINDOWS\System32\Wbem;C:\WINDOWS\System32\WindowsPowerShell\v1.0;C:\WINDOWS\System32\OpenSSH;C:\Program Files\Git\cmd;C:\Program Files\apache-maven-3.8.6\bin;C:\Users\Frederik\AppData\Local\Programs\Python\Python310\Scripts;C:\Users\Frederik\AppData\Local\Programs\Python\Python310;C:\Users\Frederik\AppData\Local\Microsoft\WindowsApps;C:\Program Files\JetBrains\PyCharm Community Edition 2022.1.4\bin;C:\Users\Frederik\AppData\Local\Programs\MiKTeX\miktex\bin\x64;C:\Program Files\JetBrains\IntelliJ IDEA Community Edition 2022.3\bin;C:\Program Files\Git\usr\bin\vendor_perl;C:\Program Files\Git\usr\bin\core_perl;."/>
    <property name="java.vm.info" value="mixed mode, sharing"/>
    <property name="stderr.encoding" value="Cp1252"/>
    <property name="java.vendor" value="Oracle Corporation"/>
    <property name="java.vm.version" value="19.0.1+10-21"/>
    <property name="sun.io.unicode.encoding" value="UnicodeLittle"/>
    <property name="java.class.version" value="63.0"/>
  </properties>
  <testcase name="runFootball" classname="de.exxcellent.challenge.AppTest" time="0.031">
    <system-out><![CDATA[Day,MxT,MnT,AvT,AvDP,1HrP TPcpn,PDir,AvSp,Dir,MxS,SkyC,MxR,Mn,R AvSLP
1,88,59,74,53.8,0,280,9.6,270,17,1.6,93,23,1004.5
2,79,63,71,46.5,0,330,8.7,340,23,3.3,70,28,1004.5
3,77,55,66,39.6,0,350,5,350,9,2.8,59,24,1016.8
4,77,59,68,51.1,0,110,9.1,130,12,8.6,62,40,1021.1
5,90,66,78,68.3,0,220,8.3,260,12,6.9,84,55,1014.4
6,81,61,71,63.7,0,30,6.2,30,13,9.7,93,60,1012.7
7,73,57,65,53,0,50,9.5,50,17,5.3,90,48,1021.8
8,75,54,65,50,0,160,4.2,150,10,2.6,93,41,1026.3
9,86,32,59,61.5,0,240,7.6,220,12,6,78,46,1018.6
10,84,64,74,57.5,0,210,6.6,50,9,3.4,84,40,1019
11,91,59,75,66.3,0,250,7.1,230,12,2.5,93,45,1012.6
12,88,73,81,68.7,0,250,8.1,270,21,7.9,94,51,1007
13,70,59,65,55,0,150,3,150,8,10,83,59,1012.6
14,61,59,60,55.9,0,60,6.7,80,9,10,93,87,1008.6
15,64,55,60,54.9,0,40,4.3,200,7,9.6,96,70,1006.1
16,79,59,69,56.7,0,250,7.6,240,21,7.8,87,44,1007
17,81,57,69,51.7,0,260,9.1,270,29,5.2,90,34,1012.5
18,82,52,67,52.6,0,230,4,190,12,5,93,34,1021.3
19,81,61,71,58.9,0,250,5.2,230,12,5.3,87,44,1028.5
20,84,57,71,58.9,0,150,6.3,160,13,3.6,90,43,1032.5
21,86,59,73,57.7,0,240,6.1,250,12,1,87,35,1030.7
22,90,64,77,61.1,0,250,6.4,230,9,0.2,78,38,1026.4
23,90,68,79,63.1,0,240,8.3,230,12,0.2,68,42,1021.3
24,90,77,84,67.5,0,350,8.5,10,14,6.9,74,48,1018.2
25,90,72,81,61.3,0,190,4.9,230,9,5.6,81,29,1019.6
26,97,64,81,70.4,0,50,5.1,200,12,4,107,45,1014.9
27,91,72,82,69.7,0,250,12.1,230,17,7.1,90,47,1009
28,84,68,76,65.6,0,280,7.6,340,16,7,100,51,1011
29,88,66,77,59.7,0,40,5.4,20,9,5.3,84,33,1020.6
30,90,45,68,63.6,0,240,6,220,17,4.8,200,41,1022.7
NumDisMxTMnT
29
16
22
18
24
20
16
21
54
20
32
15
11
2
9
20
24
30
20
27
27
26
22
13
18
33
19
16
22
45
Day with smallest temperature spread : Someday
Team with smallest goal spread       : A good team
]]></system-out>
  </testcase>
  <testcase name="aPointlessTest" classname="de.exxcellent.challenge.AppTest" time="0.005"/>
</testsuite>